21:32:40 INFO: Opening in existing instance
09:11:16 INFO: Zoom level: 150%
10:02:20 INFO: Yanked URL to clipboard: http://127.0.0.1:4000/linux/2023/12/05/postmarketos-auf-shift6mq-smartphone-installieren
10:04:29 INFO: Yanked URL to clipboard: https://groovy-skills.com/linux/2023/12/05/postmarketos-auf-shift6mq-smartphone-installieren
11:12:18 INFO: SIGINT/SIGTERM received, shutting down!
11:12:18 INFO: Do the same again to forcefully quit.
15:42:34 INFO: Opening in existing instance
10:13:57 INFO: Zoom level: 150%
11:34:38 WARNING: scroll event from unregistered device 6
11:34:38 WARNING: scroll event from unregistered device 7
11:34:38 WARNING: scroll event from unregistered device 8
11:34:38 WARNING: scroll event from unregistered device 9
11:34:38 WARNING: scroll event from unregistered device 10
11:34:52 WARNING: scroll event from unregistered device 6
11:34:52 WARNING: scroll event from unregistered device 7
11:34:52 WARNING: scroll event from unregistered device 8
11:34:52 WARNING: scroll event from unregistered device 9
11:34:52 WARNING: scroll event from unregistered device 10
Fontconfig error: Cannot load default config file: No such file: (null)
12:05:38 ERROR: Load error: ERR_NAME_NOT_RESOLVED
12:08:46 INFO: Yanked URL to clipboard: https://groovy-skills.com/linux/2023/12/06/platz-aus-android-benutzerpartition-fur-postmarketos-freigeben
12:10:54 ERROR: At beginning of history.
12:11:57 INFO: Opening in existing instance
08:59:24 INFO: Opening in existing instance
13:19:03 INFO: Opening in existing instance
10:52:52 INFO: Opening in existing instance
